<?xml version="1.0" encoding="UTF-8"?>
<!-- Generated by org.testng.reporters.JUnitXMLReporter -->
<testsuite hostname="chenshinandeMacBook-Pro.local" ignored="0" name="testConfigure" tests="101" failures="0" timestamp="18 四月 2019 09:44:09 GMT" time="18.935" errors="0">
  <testcase name="test" time="18.903" classname="test.ChromeTest"/>
  <testcase name="remote" time="0.002" classname="test.ChromeTest"/>
  <testcase name="remote" time="0.0" classname="test.ChromeTest"/>
  <testcase name="remote" time="0.0" classname="test.ChromeTest"/>
  <testcase name="remote" time="0.0" classname="test.ChromeTest"/>
  <testcase name="remote" time="0.0" classname="test.ChromeTest"/>
  <testcase name="remote" time="0.0" classname="test.ChromeTest"/>
  <testcase name="remote" time="0.001" classname="test.ChromeTest"/>
  <testcase name="remote" time="0.0" classname="test.ChromeTest"/>
  <testcase name="remote" time="0.0" classname="test.ChromeTest"/>
  <testcase name="remote" time="0.0" classname="test.ChromeTest"/>
  <testcase name="remote" time="0.0" classname="test.ChromeTest"/>
  <testcase name="remote" time="0.0" classname="test.ChromeTest"/>
  <testcase name="remote" time="0.0" classname="test.ChromeTest"/>
  <testcase name="remote" time="0.0" classname="test.ChromeTest"/>
  <testcase name="remote" time="0.0" classname="test.ChromeTest"/>
  <testcase name="remote" time="0.001" classname="test.ChromeTest"/>
  <testcase name="remote" time="0.0" classname="test.ChromeTest"/>
  <testcase name="remote" time="0.0" classname="test.ChromeTest"/>
  <testcase name="remote" time="0.0" classname="test.ChromeTest"/>
  <testcase name="remote" time="0.0" classname="test.ChromeTest"/>
  <testcase name="remote" time="0.0" classname="test.ChromeTest"/>
  <testcase name="remote" time="0.0" classname="test.ChromeTest"/>
  <testcase name="remote" time="0.0" classname="test.ChromeTest"/>
  <testcase name="remote" time="0.0" classname="test.ChromeTest"/>
  <testcase name="remote" time="0.0" classname="test.ChromeTest"/>
  <testcase name="remote" time="0.0" classname="test.ChromeTest"/>
  <testcase name="remote" time="0.0" classname="test.ChromeTest"/>
  <testcase name="remote" time="0.0" classname="test.ChromeTest"/>
  <testcase name="remote" time="0.0" classname="test.ChromeTest"/>
  <testcase name="remote" time="0.0" classname="test.ChromeTest"/>
  <testcase name="remote" time="0.0" classname="test.ChromeTest"/>
  <testcase name="remote" time="0.0" classname="test.ChromeTest"/>
  <testcase name="remote" time="0.0" classname="test.ChromeTest"/>
  <testcase name="remote" time="0.0" classname="test.ChromeTest"/>
  <testcase name="remote" time="0.0" classname="test.ChromeTest"/>
  <testcase name="remote" time="0.0" classname="test.ChromeTest"/>
  <testcase name="remote" time="0.0" classname="test.ChromeTest"/>
  <testcase name="remote" time="0.0" classname="test.ChromeTest"/>
  <testcase name="remote" time="0.0" classname="test.ChromeTest"/>
  <testcase name="remote" time="0.0" classname="test.ChromeTest"/>
  <testcase name="remote" time="0.0" classname="test.ChromeTest"/>
  <testcase name="remote" time="0.0" classname="test.ChromeTest"/>
  <testcase name="remote" time="0.0" classname="test.ChromeTest"/>
  <testcase name="remote" time="0.0" classname="test.ChromeTest"/>
  <testcase name="remote" time="0.0" classname="test.ChromeTest"/>
  <testcase name="remote" time="0.0" classname="test.ChromeTest"/>
  <testcase name="remote" time="0.0" classname="test.ChromeTest"/>
  <testcase name="remote" time="0.0" classname="test.ChromeTest"/>
  <testcase name="remote" time="0.0" classname="test.ChromeTest"/>
  <testcase name="remote" time="0.0" classname="test.ChromeTest"/>
  <testcase name="remote" time="0.0" classname="test.ChromeTest"/>
  <testcase name="remote" time="0.0" classname="test.ChromeTest"/>
  <testcase name="remote" time="0.0" classname="test.ChromeTest"/>
  <testcase name="remote" time="0.0" classname="test.ChromeTest"/>
  <testcase name="remote" time="0.0" classname="test.ChromeTest"/>
  <testcase name="remote" time="0.0" classname="test.ChromeTest"/>
  <testcase name="remote" time="0.001" classname="test.ChromeTest"/>
  <testcase name="remote" time="0.0" classname="test.ChromeTest"/>
  <testcase name="remote" time="0.0" classname="test.ChromeTest"/>
  <testcase name="remote" time="0.0" classname="test.ChromeTest"/>
  <testcase name="remote" time="0.0" classname="test.ChromeTest"/>
  <testcase name="remote" time="0.0" classname="test.ChromeTest"/>
  <testcase name="remote" time="0.0" classname="test.ChromeTest"/>
  <testcase name="remote" time="0.0" classname="test.ChromeTest"/>
  <testcase name="remote" time="0.0" classname="test.ChromeTest"/>
  <testcase name="remote" time="0.0" classname="test.ChromeTest"/>
  <testcase name="remote" time="0.0" classname="test.ChromeTest"/>
  <testcase name="remote" time="0.0" classname="test.ChromeTest"/>
  <testcase name="remote" time="0.0" classname="test.ChromeTest"/>
  <testcase name="remote" time="0.0" classname="test.ChromeTest"/>
  <testcase name="remote" time="0.0" classname="test.ChromeTest"/>
  <testcase name="remote" time="0.0" classname="test.ChromeTest"/>
  <testcase name="remote" time="0.0" classname="test.ChromeTest"/>
  <testcase name="remote" time="0.0" classname="test.ChromeTest"/>
  <testcase name="remote" time="0.0" classname="test.ChromeTest"/>
  <testcase name="remote" time="0.0" classname="test.ChromeTest"/>
  <testcase name="remote" time="0.0" classname="test.ChromeTest"/>
  <testcase name="remote" time="0.0" classname="test.ChromeTest"/>
  <testcase name="remote" time="0.0" classname="test.ChromeTest"/>
  <testcase name="remote" time="0.0" classname="test.ChromeTest"/>
  <testcase name="remote" time="0.0" classname="test.ChromeTest"/>
  <testcase name="remote" time="0.0" classname="test.ChromeTest"/>
  <testcase name="remote" time="0.0" classname="test.ChromeTest"/>
  <testcase name="remote" time="0.0" classname="test.ChromeTest"/>
  <testcase name="remote" time="0.0" classname="test.ChromeTest"/>
  <testcase name="remote" time="0.001" classname="test.ChromeTest"/>
  <testcase name="remote" time="0.0" classname="test.ChromeTest"/>
  <testcase name="remote" time="0.0" classname="test.ChromeTest"/>
  <testcase name="remote" time="0.0" classname="test.ChromeTest"/>
  <testcase name="remote" time="0.0" classname="test.ChromeTest"/>
  <testcase name="remote" time="0.0" classname="test.ChromeTest"/>
  <testcase name="remote" time="0.0" classname="test.ChromeTest"/>
  <testcase name="remote" time="0.0" classname="test.ChromeTest"/>
  <testcase name="remote" time="0.0" classname="test.ChromeTest"/>
  <testcase name="remote" time="0.0" classname="test.ChromeTest"/>
  <testcase name="remote" time="0.0" classname="test.ChromeTest"/>
  <testcase name="remote" time="0.0" classname="test.ChromeTest"/>
  <testcase name="remote" time="0.0" classname="test.ChromeTest"/>
  <testcase name="remote" time="0.0" classname="test.ChromeTest"/>
  <testcase name="remote" time="0.0" classname="test.ChromeTest"/>
</testsuite> <!-- testConfigure -->
