<?xml version="1.0" encoding="UTF-8"?>
<testng-results skipped="0" failed="0" ignored="0" total="101" passed="101">
  <reporter-output>
  </reporter-output>
  <suite name="Sanity Suite" duration-ms="18935" started-at="2019-04-18T09:43:50Z" finished-at="2019-04-18T09:44:09Z">
    <groups>
    </groups>
    <test name="testConfigure" duration-ms="18935" started-at="2019-04-18T09:43:50Z" finished-at="2019-04-18T09:44:09Z">
      <class name="test.ChromeTest">
        <test-method status="PASS" signature="setUp()[pri:0, instance:test.ChromeTest@1055e4af]" name="setUp" is-config="true" duration-ms="4" started-at="2019-04-18T17:43:50Z" finished-at="2019-04-18T17:43:50Z">
          <reporter-output>
          </reporter-output>
        </test-method> <!-- setUp -->
        <test-method status="PASS" signature="test()[pri:0, instance:test.ChromeTest@1055e4af]" name="test" duration-ms="18903" started-at="2019-04-18T17:43:50Z" description="test" finished-at="2019-04-18T17:44:09Z">
          <reporter-output>
          </reporter-output>
        </test-method> <!-- test -->
        <test-method status="PASS" signature="remote()[pri:0, instance:test.ChromeTest@1055e4af]" name="remote" duration-ms="2" started-at="2019-04-18T17:44:09Z" description="remote" finished-at="2019-04-18T17:44:09Z">
          <reporter-output>
          </reporter-output>
        </test-method> <!-- remote -->
        <test-method status="PASS" signature="remote()[pri:0, instance:test.ChromeTest@1055e4af]" name="remote" duration-ms="0" started-at="2019-04-18T17:44:09Z" description="remote" finished-at="2019-04-18T17:44:09Z">
          <reporter-output>
          </reporter-output>
        </test-method> <!-- remote -->
        <test-method status="PASS" signature="remote()[pri:0, instance:test.ChromeTest@1055e4af]" name="remote" duration-ms="0" started-at="2019-04-18T17:44:09Z" description="remote" finished-at="2019-04-18T17:44:09Z">
          <reporter-output>
          </reporter-output>
        </test-method> <!-- remote -->
        <test-method status="PASS" signature="remote()[pri:0, instance:test.ChromeTest@1055e4af]" name="remote" duration-ms="0" started-at="2019-04-18T17:44:09Z" description="remote" finished-at="2019-04-18T17:44:09Z">
          <reporter-output>
          </reporter-output>
        </test-method> <!-- remote -->
        <test-method status="PASS" signature="remote()[pri:0, instance:test.ChromeTest@1055e4af]" name="remote" duration-ms="0" started-at="2019-04-18T17:44:09Z" description="remote" finished-at="2019-04-18T17:44:09Z">
          <reporter-output>
          </reporter-output>
        </test-method> <!-- remote -->
        <test-method status="PASS" signature="remote()[pri:0, instance:test.ChromeTest@1055e4af]" name="remote" duration-ms="1" started-at="2019-04-18T17:44:09Z" description="remote" finished-at="2019-04-18T17:44:09Z">
          <reporter-output>
          </reporter-output>
        </test-method> <!-- remote -->
        <test-method status="PASS" signature="remote()[pri:0, instance:test.ChromeTest@1055e4af]" name="remote" duration-ms="0" started-at="2019-04-18T17:44:09Z" description="remote" finished-at="2019-04-18T17:44:09Z">
          <reporter-output>
          </reporter-output>
        </test-method> <!-- remote -->
        <test-method status="PASS" signature="remote()[pri:0, instance:test.ChromeTest@1055e4af]" name="remote" duration-ms="0" started-at="2019-04-18T17:44:09Z" description="remote" finished-at="2019-04-18T17:44:09Z">
          <reporter-output>
          </reporter-output>
        </test-method> <!-- remote -->
        <test-method status="PASS" signature="remote()[pri:0, instance:test.ChromeTest@1055e4af]" name="remote" duration-ms="0" started-at="2019-04-18T17:44:09Z" description="remote" finished-at="2019-04-18T17:44:09Z">
          <reporter-output>
          </reporter-output>
        </test-method> <!-- remote -->
        <test-method status="PASS" signature="remote()[pri:0, instance:test.ChromeTest@1055e4af]" name="remote" duration-ms="0" started-at="2019-04-18T17:44:09Z" description="remote" finished-at="2019-04-18T17:44:09Z">
          <reporter-output>
          </reporter-output>
        </test-method> <!-- remote -->
        <test-method status="PASS" signature="remote()[pri:0, instance:test.ChromeTest@1055e4af]" name="remote" duration-ms="0" started-at="2019-04-18T17:44:09Z" description="remote" finished-at="2019-04-18T17:44:09Z">
          <reporter-output>
          </reporter-output>
        </test-method> <!-- remote -->
        <test-method status="PASS" signature="remote()[pri:0, instance:test.ChromeTest@1055e4af]" name="remote" duration-ms="0" started-at="2019-04-18T17:44:09Z" description="remote" finished-at="2019-04-18T17:44:09Z">
          <reporter-output>
          </reporter-output>
        </test-method> <!-- remote -->
        <test-method status="PASS" signature="remote()[pri:0, instance:test.ChromeTest@1055e4af]" name="remote" duration-ms="1" started-at="2019-04-18T17:44:09Z" description="remote" finished-at="2019-04-18T17:44:09Z">
          <reporter-output>
          </reporter-output>
        </test-method> <!-- remote -->
        <test-method status="PASS" signature="remote()[pri:0, instance:test.ChromeTest@1055e4af]" name="remote" duration-ms="0" started-at="2019-04-18T17:44:09Z" description="remote" finished-at="2019-04-18T17:44:09Z">
          <reporter-output>
          </reporter-output>
        </test-method> <!-- remote -->
        <test-method status="PASS" signature="remote()[pri:0, instance:test.ChromeTest@1055e4af]" name="remote" duration-ms="0" started-at="2019-04-18T17:44:09Z" description="remote" finished-at="2019-04-18T17:44:09Z">
          <reporter-output>
          </reporter-output>
        </test-method> <!-- remote -->
        <test-method status="PASS" signature="remote()[pri:0, instance:test.ChromeTest@1055e4af]" name="remote" duration-ms="0" started-at="2019-04-18T17:44:09Z" description="remote" finished-at="2019-04-18T17:44:09Z">
          <reporter-output>
          </reporter-output>
        </test-method> <!-- remote -->
        <test-method status="PASS" signature="remote()[pri:0, instance:test.ChromeTest@1055e4af]" name="remote" duration-ms="0" started-at="2019-04-18T17:44:09Z" description="remote" finished-at="2019-04-18T17:44:09Z">
          <reporter-output>
          </reporter-output>
        </test-method> <!-- remote -->
        <test-method status="PASS" signature="remote()[pri:0, instance:test.ChromeTest@1055e4af]" name="remote" duration-ms="0" started-at="2019-04-18T17:44:09Z" description="remote" finished-at="2019-04-18T17:44:09Z">
          <reporter-output>
          </reporter-output>
        </test-method> <!-- remote -->
        <test-method status="PASS" signature="remote()[pri:0, instance:test.ChromeTest@1055e4af]" name="remote" duration-ms="0" started-at="2019-04-18T17:44:09Z" description="remote" finished-at="2019-04-18T17:44:09Z">
          <reporter-output>
          </reporter-output>
        </test-method> <!-- remote -->
        <test-method status="PASS" signature="remote()[pri:0, instance:test.ChromeTest@1055e4af]" name="remote" duration-ms="0" started-at="2019-04-18T17:44:09Z" description="remote" finished-at="2019-04-18T17:44:09Z">
          <reporter-output>
          </reporter-output>
        </test-method> <!-- remote -->
        <test-method status="PASS" signature="remote()[pri:0, instance:test.ChromeTest@1055e4af]" name="remote" duration-ms="0" started-at="2019-04-18T17:44:09Z" description="remote" finished-at="2019-04-18T17:44:09Z">
          <reporter-output>
          </reporter-output>
        </test-method> <!-- remote -->
        <test-method status="PASS" signature="remote()[pri:0, instance:test.ChromeTest@1055e4af]" name="remote" duration-ms="0" started-at="2019-04-18T17:44:09Z" description="remote" finished-at="2019-04-18T17:44:09Z">
          <reporter-output>
          </reporter-output>
        </test-method> <!-- remote -->
        <test-method status="PASS" signature="remote()[pri:0, instance:test.ChromeTest@1055e4af]" name="remote" duration-ms="0" started-at="2019-04-18T17:44:09Z" description="remote" finished-at="2019-04-18T17:44:09Z">
          <reporter-output>
          </reporter-output>
        </test-method> <!-- remote -->
        <test-method status="PASS" signature="remote()[pri:0, instance:test.ChromeTest@1055e4af]" name="remote" duration-ms="0" started-at="2019-04-18T17:44:09Z" description="remote" finished-at="2019-04-18T17:44:09Z">
          <reporter-output>
          </reporter-output>
        </test-method> <!-- remote -->
        <test-method status="PASS" signature="remote()[pri:0, instance:test.ChromeTest@1055e4af]" name="remote" duration-ms="0" started-at="2019-04-18T17:44:09Z" description="remote" finished-at="2019-04-18T17:44:09Z">
          <reporter-output>
          </reporter-output>
        </test-method> <!-- remote -->
        <test-method status="PASS" signature="remote()[pri:0, instance:test.ChromeTest@1055e4af]" name="remote" duration-ms="0" started-at="2019-04-18T17:44:09Z" description="remote" finished-at="2019-04-18T17:44:09Z">
          <reporter-output>
          </reporter-output>
        </test-method> <!-- remote -->
        <test-method status="PASS" signature="remote()[pri:0, instance:test.ChromeTest@1055e4af]" name="remote" duration-ms="0" started-at="2019-04-18T17:44:09Z" description="remote" finished-at="2019-04-18T17:44:09Z">
          <reporter-output>
          </reporter-output>
        </test-method> <!-- remote -->
        <test-method status="PASS" signature="remote()[pri:0, instance:test.ChromeTest@1055e4af]" name="remote" duration-ms="0" started-at="2019-04-18T17:44:09Z" description="remote" finished-at="2019-04-18T17:44:09Z">
          <reporter-output>
          </reporter-output>
        </test-method> <!-- remote -->
        <test-method status="PASS" signature="remote()[pri:0, instance:test.ChromeTest@1055e4af]" name="remote" duration-ms="0" started-at="2019-04-18T17:44:09Z" description="remote" finished-at="2019-04-18T17:44:09Z">
          <reporter-output>
          </reporter-output>
        </test-method> <!-- remote -->
        <test-method status="PASS" signature="remote()[pri:0, instance:test.ChromeTest@1055e4af]" name="remote" duration-ms="0" started-at="2019-04-18T17:44:09Z" description="remote" finished-at="2019-04-18T17:44:09Z">
          <reporter-output>
          </reporter-output>
        </test-method> <!-- remote -->
        <test-method status="PASS" signature="remote()[pri:0, instance:test.ChromeTest@1055e4af]" name="remote" duration-ms="0" started-at="2019-04-18T17:44:09Z" description="remote" finished-at="2019-04-18T17:44:09Z">
          <reporter-output>
          </reporter-output>
        </test-method> <!-- remote -->
        <test-method status="PASS" signature="remote()[pri:0, instance:test.ChromeTest@1055e4af]" name="remote" duration-ms="0" started-at="2019-04-18T17:44:09Z" description="remote" finished-at="2019-04-18T17:44:09Z">
          <reporter-output>
          </reporter-output>
        </test-method> <!-- remote -->
        <test-method status="PASS" signature="remote()[pri:0, instance:test.ChromeTest@1055e4af]" name="remote" duration-ms="0" started-at="2019-04-18T17:44:09Z" description="remote" finished-at="2019-04-18T17:44:09Z">
          <reporter-output>
          </reporter-output>
        </test-method> <!-- remote -->
        <test-method status="PASS" signature="remote()[pri:0, instance:test.ChromeTest@1055e4af]" name="remote" duration-ms="0" started-at="2019-04-18T17:44:09Z" description="remote" finished-at="2019-04-18T17:44:09Z">
          <reporter-output>
          </reporter-output>
        </test-method> <!-- remote -->
        <test-method status="PASS" signature="remote()[pri:0, instance:test.ChromeTest@1055e4af]" name="remote" duration-ms="0" started-at="2019-04-18T17:44:09Z" description="remote" finished-at="2019-04-18T17:44:09Z">
          <reporter-output>
          </reporter-output>
        </test-method> <!-- remote -->
        <test-method status="PASS" signature="remote()[pri:0, instance:test.ChromeTest@1055e4af]" name="remote" duration-ms="0" started-at="2019-04-18T17:44:09Z" description="remote" finished-at="2019-04-18T17:44:09Z">
          <reporter-output>
          </reporter-output>
        </test-method> <!-- remote -->
        <test-method status="PASS" signature="remote()[pri:0, instance:test.ChromeTest@1055e4af]" name="remote" duration-ms="0" started-at="2019-04-18T17:44:09Z" description="remote" finished-at="2019-04-18T17:44:09Z">
          <reporter-output>
          </reporter-output>
        </test-method> <!-- remote -->
        <test-method status="PASS" signature="remote()[pri:0, instance:test.ChromeTest@1055e4af]" name="remote" duration-ms="0" started-at="2019-04-18T17:44:09Z" description="remote" finished-at="2019-04-18T17:44:09Z">
          <reporter-output>
          </reporter-output>
        </test-method> <!-- remote -->
        <test-method status="PASS" signature="remote()[pri:0, instance:test.ChromeTest@1055e4af]" name="remote" duration-ms="0" started-at="2019-04-18T17:44:09Z" description="remote" finished-at="2019-04-18T17:44:09Z">
          <reporter-output>
          </reporter-output>
        </test-method> <!-- remote -->
        <test-method status="PASS" signature="remote()[pri:0, instance:test.ChromeTest@1055e4af]" name="remote" duration-ms="0" started-at="2019-04-18T17:44:09Z" description="remote" finished-at="2019-04-18T17:44:09Z">
          <reporter-output>
          </reporter-output>
        </test-method> <!-- remote -->
        <test-method status="PASS" signature="remote()[pri:0, instance:test.ChromeTest@1055e4af]" name="remote" duration-ms="0" started-at="2019-04-18T17:44:09Z" description="remote" finished-at="2019-04-18T17:44:09Z">
          <reporter-output>
          </reporter-output>
        </test-method> <!-- remote -->
        <test-method status="PASS" signature="remote()[pri:0, instance:test.ChromeTest@1055e4af]" name="remote" duration-ms="0" started-at="2019-04-18T17:44:09Z" description="remote" finished-at="2019-04-18T17:44:09Z">
          <reporter-output>
          </reporter-output>
        </test-method> <!-- remote -->
        <test-method status="PASS" signature="remote()[pri:0, instance:test.ChromeTest@1055e4af]" name="remote" duration-ms="0" started-at="2019-04-18T17:44:09Z" description="remote" finished-at="2019-04-18T17:44:09Z">
          <reporter-output>
          </reporter-output>
        </test-method> <!-- remote -->
        <test-method status="PASS" signature="remote()[pri:0, instance:test.ChromeTest@1055e4af]" name="remote" duration-ms="0" started-at="2019-04-18T17:44:09Z" description="remote" finished-at="2019-04-18T17:44:09Z">
          <reporter-output>
          </reporter-output>
        </test-method> <!-- remote -->
        <test-method status="PASS" signature="remote()[pri:0, instance:test.ChromeTest@1055e4af]" name="remote" duration-ms="0" started-at="2019-04-18T17:44:09Z" description="remote" finished-at="2019-04-18T17:44:09Z">
          <reporter-output>
          </reporter-output>
        </test-method> <!-- remote -->
        <test-method status="PASS" signature="remote()[pri:0, instance:test.ChromeTest@1055e4af]" name="remote" duration-ms="0" started-at="2019-04-18T17:44:09Z" description="remote" finished-at="2019-04-18T17:44:09Z">
          <reporter-output>
          </reporter-output>
        </test-method> <!-- remote -->
        <test-method status="PASS" signature="remote()[pri:0, instance:test.ChromeTest@1055e4af]" name="remote" duration-ms="0" started-at="2019-04-18T17:44:09Z" description="remote" finished-at="2019-04-18T17:44:09Z">
          <reporter-output>
          </reporter-output>
        </test-method> <!-- remote -->
        <test-method status="PASS" signature="remote()[pri:0, instance:test.ChromeTest@1055e4af]" name="remote" duration-ms="0" started-at="2019-04-18T17:44:09Z" description="remote" finished-at="2019-04-18T17:44:09Z">
          <reporter-output>
          </reporter-output>
        </test-method> <!-- remote -->
        <test-method status="PASS" signature="remote()[pri:0, instance:test.ChromeTest@1055e4af]" name="remote" duration-ms="0" started-at="2019-04-18T17:44:09Z" description="remote" finished-at="2019-04-18T17:44:09Z">
          <reporter-output>
          </reporter-output>
        </test-method> <!-- remote -->
        <test-method status="PASS" signature="remote()[pri:0, instance:test.ChromeTest@1055e4af]" name="remote" duration-ms="1" started-at="2019-04-18T17:44:09Z" description="remote" finished-at="2019-04-18T17:44:09Z">
          <reporter-output>
          </reporter-output>
        </test-method> <!-- remote -->
        <test-method status="PASS" signature="remote()[pri:0, instance:test.ChromeTest@1055e4af]" name="remote" duration-ms="0" started-at="2019-04-18T17:44:09Z" description="remote" finished-at="2019-04-18T17:44:09Z">
          <reporter-output>
          </reporter-output>
        </test-method> <!-- remote -->
        <test-method status="PASS" signature="remote()[pri:0, instance:test.ChromeTest@1055e4af]" name="remote" duration-ms="0" started-at="2019-04-18T17:44:09Z" description="remote" finished-at="2019-04-18T17:44:09Z">
          <reporter-output>
          </reporter-output>
        </test-method> <!-- remote -->
        <test-method status="PASS" signature="remote()[pri:0, instance:test.ChromeTest@1055e4af]" name="remote" duration-ms="0" started-at="2019-04-18T17:44:09Z" description="remote" finished-at="2019-04-18T17:44:09Z">
          <reporter-output>
          </reporter-output>
        </test-method> <!-- remote -->
        <test-method status="PASS" signature="remote()[pri:0, instance:test.ChromeTest@1055e4af]" name="remote" duration-ms="0" started-at="2019-04-18T17:44:09Z" description="remote" finished-at="2019-04-18T17:44:09Z">
          <reporter-output>
          </reporter-output>
        </test-method> <!-- remote -->
        <test-method status="PASS" signature="remote()[pri:0, instance:test.ChromeTest@1055e4af]" name="remote" duration-ms="0" started-at="2019-04-18T17:44:09Z" description="remote" finished-at="2019-04-18T17:44:09Z">
          <reporter-output>
          </reporter-output>
        </test-method> <!-- remote -->
        <test-method status="PASS" signature="remote()[pri:0, instance:test.ChromeTest@1055e4af]" name="remote" duration-ms="0" started-at="2019-04-18T17:44:09Z" description="remote" finished-at="2019-04-18T17:44:09Z">
          <reporter-output>
          </reporter-output>
        </test-method> <!-- remote -->
        <test-method status="PASS" signature="remote()[pri:0, instance:test.ChromeTest@1055e4af]" name="remote" duration-ms="0" started-at="2019-04-18T17:44:09Z" description="remote" finished-at="2019-04-18T17:44:09Z">
          <reporter-output>
          </reporter-output>
        </test-method> <!-- remote -->
        <test-method status="PASS" signature="remote()[pri:0, instance:test.ChromeTest@1055e4af]" name="remote" duration-ms="0" started-at="2019-04-18T17:44:09Z" description="remote" finished-at="2019-04-18T17:44:09Z">
          <reporter-output>
          </reporter-output>
        </test-method> <!-- remote -->
        <test-method status="PASS" signature="remote()[pri:0, instance:test.ChromeTest@1055e4af]" name="remote" duration-ms="0" started-at="2019-04-18T17:44:09Z" description="remote" finished-at="2019-04-18T17:44:09Z">
          <reporter-output>
          </reporter-output>
        </test-method> <!-- remote -->
        <test-method status="PASS" signature="remote()[pri:0, instance:test.ChromeTest@1055e4af]" name="remote" duration-ms="0" started-at="2019-04-18T17:44:09Z" description="remote" finished-at="2019-04-18T17:44:09Z">
          <reporter-output>
          </reporter-output>
        </test-method> <!-- remote -->
        <test-method status="PASS" signature="remote()[pri:0, instance:test.ChromeTest@1055e4af]" name="remote" duration-ms="0" started-at="2019-04-18T17:44:09Z" description="remote" finished-at="2019-04-18T17:44:09Z">
          <reporter-output>
          </reporter-output>
        </test-method> <!-- remote -->
        <test-method status="PASS" signature="remote()[pri:0, instance:test.ChromeTest@1055e4af]" name="remote" duration-ms="0" started-at="2019-04-18T17:44:09Z" description="remote" finished-at="2019-04-18T17:44:09Z">
          <reporter-output>
          </reporter-output>
        </test-method> <!-- remote -->
        <test-method status="PASS" signature="remote()[pri:0, instance:test.ChromeTest@1055e4af]" name="remote" duration-ms="0" started-at="2019-04-18T17:44:09Z" description="remote" finished-at="2019-04-18T17:44:09Z">
          <reporter-output>
          </reporter-output>
        </test-method> <!-- remote -->
        <test-method status="PASS" signature="remote()[pri:0, instance:test.ChromeTest@1055e4af]" name="remote" duration-ms="0" started-at="2019-04-18T17:44:09Z" description="remote" finished-at="2019-04-18T17:44:09Z">
          <reporter-output>
          </reporter-output>
        </test-method> <!-- remote -->
        <test-method status="PASS" signature="remote()[pri:0, instance:test.ChromeTest@1055e4af]" name="remote" duration-ms="0" started-at="2019-04-18T17:44:09Z" description="remote" finished-at="2019-04-18T17:44:09Z">
          <reporter-output>
          </reporter-output>
        </test-method> <!-- remote -->
        <test-method status="PASS" signature="remote()[pri:0, instance:test.ChromeTest@1055e4af]" name="remote" duration-ms="0" started-at="2019-04-18T17:44:09Z" description="remote" finished-at="2019-04-18T17:44:09Z">
          <reporter-output>
          </reporter-output>
        </test-method> <!-- remote -->
        <test-method status="PASS" signature="remote()[pri:0, instance:test.ChromeTest@1055e4af]" name="remote" duration-ms="0" started-at="2019-04-18T17:44:09Z" description="remote" finished-at="2019-04-18T17:44:09Z">
          <reporter-output>
          </reporter-output>
        </test-method> <!-- remote -->
        <test-method status="PASS" signature="remote()[pri:0, instance:test.ChromeTest@1055e4af]" name="remote" duration-ms="0" started-at="2019-04-18T17:44:09Z" description="remote" finished-at="2019-04-18T17:44:09Z">
          <reporter-output>
          </reporter-output>
        </test-method> <!-- remote -->
        <test-method status="PASS" signature="remote()[pri:0, instance:test.ChromeTest@1055e4af]" name="remote" duration-ms="0" started-at="2019-04-18T17:44:09Z" description="remote" finished-at="2019-04-18T17:44:09Z">
          <reporter-output>
          </reporter-output>
        </test-method> <!-- remote -->
        <test-method status="PASS" signature="remote()[pri:0, instance:test.ChromeTest@1055e4af]" name="remote" duration-ms="0" started-at="2019-04-18T17:44:09Z" description="remote" finished-at="2019-04-18T17:44:09Z">
          <reporter-output>
          </reporter-output>
        </test-method> <!-- remote -->
        <test-method status="PASS" signature="remote()[pri:0, instance:test.ChromeTest@1055e4af]" name="remote" duration-ms="0" started-at="2019-04-18T17:44:09Z" description="remote" finished-at="2019-04-18T17:44:09Z">
          <reporter-output>
          </reporter-output>
        </test-method> <!-- remote -->
        <test-method status="PASS" signature="remote()[pri:0, instance:test.ChromeTest@1055e4af]" name="remote" duration-ms="0" started-at="2019-04-18T17:44:09Z" description="remote" finished-at="2019-04-18T17:44:09Z">
          <reporter-output>
          </reporter-output>
        </test-method> <!-- remote -->
        <test-method status="PASS" signature="remote()[pri:0, instance:test.ChromeTest@1055e4af]" name="remote" duration-ms="0" started-at="2019-04-18T17:44:09Z" description="remote" finished-at="2019-04-18T17:44:09Z">
          <reporter-output>
          </reporter-output>
        </test-method> <!-- remote -->
        <test-method status="PASS" signature="remote()[pri:0, instance:test.ChromeTest@1055e4af]" name="remote" duration-ms="0" started-at="2019-04-18T17:44:09Z" description="remote" finished-at="2019-04-18T17:44:09Z">
          <reporter-output>
          </reporter-output>
        </test-method> <!-- remote -->
        <test-method status="PASS" signature="remote()[pri:0, instance:test.ChromeTest@1055e4af]" name="remote" duration-ms="0" started-at="2019-04-18T17:44:09Z" description="remote" finished-at="2019-04-18T17:44:09Z">
          <reporter-output>
          </reporter-output>
        </test-method> <!-- remote -->
        <test-method status="PASS" signature="remote()[pri:0, instance:test.ChromeTest@1055e4af]" name="remote" duration-ms="0" started-at="2019-04-18T17:44:09Z" description="remote" finished-at="2019-04-18T17:44:09Z">
          <reporter-output>
          </reporter-output>
        </test-method> <!-- remote -->
        <test-method status="PASS" signature="remote()[pri:0, instance:test.ChromeTest@1055e4af]" name="remote" duration-ms="0" started-at="2019-04-18T17:44:09Z" description="remote" finished-at="2019-04-18T17:44:09Z">
          <reporter-output>
          </reporter-output>
        </test-method> <!-- remote -->
        <test-method status="PASS" signature="remote()[pri:0, instance:test.ChromeTest@1055e4af]" name="remote" duration-ms="0" started-at="2019-04-18T17:44:09Z" description="remote" finished-at="2019-04-18T17:44:09Z">
          <reporter-output>
          </reporter-output>
        </test-method> <!-- remote -->
        <test-method status="PASS" signature="remote()[pri:0, instance:test.ChromeTest@1055e4af]" name="remote" duration-ms="0" started-at="2019-04-18T17:44:09Z" description="remote" finished-at="2019-04-18T17:44:09Z">
          <reporter-output>
          </reporter-output>
        </test-method> <!-- remote -->
        <test-method status="PASS" signature="remote()[pri:0, instance:test.ChromeTest@1055e4af]" name="remote" duration-ms="1" started-at="2019-04-18T17:44:09Z" description="remote" finished-at="2019-04-18T17:44:09Z">
          <reporter-output>
          </reporter-output>
        </test-method> <!-- remote -->
        <test-method status="PASS" signature="remote()[pri:0, instance:test.ChromeTest@1055e4af]" name="remote" duration-ms="0" started-at="2019-04-18T17:44:09Z" description="remote" finished-at="2019-04-18T17:44:09Z">
          <reporter-output>
          </reporter-output>
        </test-method> <!-- remote -->
        <test-method status="PASS" signature="remote()[pri:0, instance:test.ChromeTest@1055e4af]" name="remote" duration-ms="0" started-at="2019-04-18T17:44:09Z" description="remote" finished-at="2019-04-18T17:44:09Z">
          <reporter-output>
          </reporter-output>
        </test-method> <!-- remote -->
        <test-method status="PASS" signature="remote()[pri:0, instance:test.ChromeTest@1055e4af]" name="remote" duration-ms="0" started-at="2019-04-18T17:44:09Z" description="remote" finished-at="2019-04-18T17:44:09Z">
          <reporter-output>
          </reporter-output>
        </test-method> <!-- remote -->
        <test-method status="PASS" signature="remote()[pri:0, instance:test.ChromeTest@1055e4af]" name="remote" duration-ms="0" started-at="2019-04-18T17:44:09Z" description="remote" finished-at="2019-04-18T17:44:09Z">
          <reporter-output>
          </reporter-output>
        </test-method> <!-- remote -->
        <test-method status="PASS" signature="remote()[pri:0, instance:test.ChromeTest@1055e4af]" name="remote" duration-ms="0" started-at="2019-04-18T17:44:09Z" description="remote" finished-at="2019-04-18T17:44:09Z">
          <reporter-output>
          </reporter-output>
        </test-method> <!-- remote -->
        <test-method status="PASS" signature="remote()[pri:0, instance:test.ChromeTest@1055e4af]" name="remote" duration-ms="0" started-at="2019-04-18T17:44:09Z" description="remote" finished-at="2019-04-18T17:44:09Z">
          <reporter-output>
          </reporter-output>
        </test-method> <!-- remote -->
        <test-method status="PASS" signature="remote()[pri:0, instance:test.ChromeTest@1055e4af]" name="remote" duration-ms="0" started-at="2019-04-18T17:44:09Z" description="remote" finished-at="2019-04-18T17:44:09Z">
          <reporter-output>
          </reporter-output>
        </test-method> <!-- remote -->
        <test-method status="PASS" signature="remote()[pri:0, instance:test.ChromeTest@1055e4af]" name="remote" duration-ms="0" started-at="2019-04-18T17:44:09Z" description="remote" finished-at="2019-04-18T17:44:09Z">
          <reporter-output>
          </reporter-output>
        </test-method> <!-- remote -->
        <test-method status="PASS" signature="remote()[pri:0, instance:test.ChromeTest@1055e4af]" name="remote" duration-ms="0" started-at="2019-04-18T17:44:09Z" description="remote" finished-at="2019-04-18T17:44:09Z">
          <reporter-output>
          </reporter-output>
        </test-method> <!-- remote -->
        <test-method status="PASS" signature="remote()[pri:0, instance:test.ChromeTest@1055e4af]" name="remote" duration-ms="0" started-at="2019-04-18T17:44:09Z" description="remote" finished-at="2019-04-18T17:44:09Z">
          <reporter-output>
          </reporter-output>
        </test-method> <!-- remote -->
        <test-method status="PASS" signature="remote()[pri:0, instance:test.ChromeTest@1055e4af]" name="remote" duration-ms="0" started-at="2019-04-18T17:44:09Z" description="remote" finished-at="2019-04-18T17:44:09Z">
          <reporter-output>
          </reporter-output>
        </test-method> <!-- remote -->
        <test-method status="PASS" signature="remote()[pri:0, instance:test.ChromeTest@1055e4af]" name="remote" duration-ms="0" started-at="2019-04-18T17:44:09Z" description="remote" finished-at="2019-04-18T17:44:09Z">
          <reporter-output>
          </reporter-output>
        </test-method> <!-- remote -->
        <test-method status="PASS" signature="remote()[pri:0, instance:test.ChromeTest@1055e4af]" name="remote" duration-ms="0" started-at="2019-04-18T17:44:09Z" description="remote" finished-at="2019-04-18T17:44:09Z">
          <reporter-output>
          </reporter-output>
        </test-method> <!-- remote -->
        <test-method status="PASS" signature="remote()[pri:0, instance:test.ChromeTest@1055e4af]" name="remote" duration-ms="0" started-at="2019-04-18T17:44:09Z" description="remote" finished-at="2019-04-18T17:44:09Z">
          <reporter-output>
          </reporter-output>
        </test-method> <!-- remote -->
        <test-method status="PASS" signature="remote()[pri:0, instance:test.ChromeTest@1055e4af]" name="remote" duration-ms="0" started-at="2019-04-18T17:44:09Z" description="remote" finished-at="2019-04-18T17:44:09Z">
          <reporter-output>
          </reporter-output>
        </test-method> <!-- remote -->
        <test-method status="PASS" signature="remote()[pri:0, instance:test.ChromeTest@1055e4af]" name="remote" duration-ms="0" started-at="2019-04-18T17:44:09Z" description="remote" finished-at="2019-04-18T17:44:09Z">
          <reporter-output>
          </reporter-output>
        </test-method> <!-- remote -->
        <test-method status="PASS" signature="remote()[pri:0, instance:test.ChromeTest@1055e4af]" name="remote" duration-ms="0" started-at="2019-04-18T17:44:09Z" description="remote" finished-at="2019-04-18T17:44:09Z">
          <reporter-output>
          </reporter-output>
        </test-method> <!-- remote -->
        <test-method status="PASS" signature="remote()[pri:0, instance:test.ChromeTest@1055e4af]" name="remote" duration-ms="0" started-at="2019-04-18T17:44:09Z" description="remote" finished-at="2019-04-18T17:44:09Z">
          <reporter-output>
          </reporter-output>
        </test-method> <!-- remote -->
        <test-method status="PASS" signature="remote()[pri:0, instance:test.ChromeTest@1055e4af]" name="remote" duration-ms="0" started-at="2019-04-18T17:44:09Z" description="remote" finished-at="2019-04-18T17:44:09Z">
          <reporter-output>
          </reporter-output>
        </test-method> <!-- remote -->
        <test-method status="PASS" signature="remote()[pri:0, instance:test.ChromeTest@1055e4af]" name="remote" duration-ms="0" started-at="2019-04-18T17:44:09Z" description="remote" finished-at="2019-04-18T17:44:09Z">
          <reporter-output>
          </reporter-output>
        </test-method> <!-- remote -->
      </class> <!-- test.ChromeTest -->
    </test> <!-- testConfigure -->
  </suite> <!-- Sanity Suite -->
</testng-results>
